producer_class	xtools.gsea.GseaPreranked
producer_timestamp	1680310885754
param	rpt_label	met_vs_normal
param	rnd_seed	timestamp
param	set_min	15
param	zip_report	false
param	create_svgs	false
param	scoring_scheme	weighted
param	rnk	/Users/antioxidant233/St.George/2023Winter/BCB420/ChengYue_Zhang/A3/data/ranked_mn_list.rnk
param	norm	meandiv
param	out	/Users/antioxidant233/St.George/2023Winter/BCB420/ChengYue_Zhang/A3/data/GSEA
param	mode	Abs_max_of_probes
param	include_only_symbols	true
param	help	false
param	set_max	200
param	gmx	/Users/antioxidant233/St.George/2023Winter/BCB420/ChengYue_Zhang/A3/data/Human_GOBP_AllPathways_no_GO_iea_March_02_2023_symbol.gmt
param	make_sets	true
param	plot_top_x	20
param	gui	false
param	nperm	1000
param	collapse	No_Collapse

file	/Users/antioxidant233/St.George/2023Winter/BCB420/ChengYue_Zhang/A3/data/GSEA/met_vs_normal.GseaPreranked.1680310885754/index.html
